#
# There is insufficient memory for the Java Runtime Environment to continue.
# Native memory allocation (mmap) failed to map 268435456 bytes for Failed to commit area from 0x0000000701e00000 to 0x0000000711e00000 of length 268435456.
# Possible reasons:
#   The system is out of physical RAM or swap space
#   The process is running with CompressedOops enabled, and the Java Heap may be blocking the growth of the native heap
# Possible solutions:
#   Reduce memory load on the system
#   Increase physical memory or swap space
#   Check if swap backing store is full
#   Decrease Java heap size (-Xmx/-Xms)
#   Decrease number of Java threads
#   Decrease Java thread stack sizes (-Xss)
#   Set larger code cache with -XX:ReservedCodeCacheSize=
# This output file may be truncated or incomplete.
#
#  Out of Memory Error (t:/workspace/open/src/hotspot/os/windows/os_windows.cpp:3254), pid=45748, tid=29348
#
# JRE version:  (12.0.1+12) (build )
# Java VM: Java HotSpot(TM) 64-Bit Server VM (12.0.1+12, mixed mode, aot, sharing, tiered, compressed oops, g1 gc, windows-amd64)
# No core dump will be written. Minidumps are not enabled by default on client versions of Windows
#

---------------  S U M M A R Y ------------

Command Line: -Dfile.encoding=Cp1252 TestThreadSort

Host: Intel(R) Core(TM) i5-5300U CPU @ 2.30GHz, 4 cores, 15G,  Windows 10 , 64 bit Build 19041 (10.0.19041.1151)
Time: Sun Sep  5 01:35:31 2021 Central Sommerzeit elapsed time: 0 seconds (0d 0h 0m 0s)

---------------  T H R E A D  ---------------

Current thread (0x0000014bef697800):  JavaThread "Unknown thread" [_thread_in_vm, id=29348, stack(0x0000000b73a00000,0x0000000b73b00000)]

Stack: [0x0000000b73a00000,0x0000000b73b00000]
Native frames: (J=compiled Java code, j=interpreted, Vv=VM code, C=native code)
V  [jvm.dll+0x63948a]
V  [jvm.dll+0x78b31f]
V  [jvm.dll+0x78c9c1]
V  [jvm.dll+0x78d013]
V  [jvm.dll+0x262138]
V  [jvm.dll+0x63698a]
V  [jvm.dll+0x62b505]
V  [jvm.dll+0x31d9bc]
V  [jvm.dll+0x31d7ef]
V  [jvm.dll+0x323526]
V  [jvm.dll+0x370f76]
V  [jvm.dll+0x370750]
V  [jvm.dll+0x2f786a]
V  [jvm.dll+0x2f8af2]
V  [jvm.dll+0x7657b7]
V  [jvm.dll+0x766e95]
V  [jvm.dll+0x37f089]
V  [jvm.dll+0x749b14]
V  [jvm.dll+0x3ee48d]
V  [jvm.dll+0x3f03c1]
C  [jli.dll+0x51cf]
C  [ucrtbase.dll+0x21bb2]
C  [KERNEL32.DLL+0x17034]
C  [ntdll.dll+0x52651]


---------------  P R O C E S S  ---------------

Threads class SMR info:
_java_thread_list=0x00007ffcd16d48e8, length=0, elements={
}

Java Threads: ( => current thread )

Other Threads:
  0x0000014bef6f8800 GCTaskThread "GC Thread#0" [stack: 0x0000000b73b00000,0x0000000b73c00000] [id=51028]
  0x0000014bef712800 ConcurrentGCThread "G1 Main Marker" [stack: 0x0000000b73c00000,0x0000000b73d00000] [id=35304]
  0x0000014bef715000 ConcurrentGCThread "G1 Conc#0" [stack: 0x0000000b73d00000,0x0000000b73e00000] [id=51700]

[error occurred during error reporting (printing all threads), id 0xc0000005, EXCEPTION_ACCESS_VIOLATION (0xc0000005) at pc=0x00007ffcd0f07a37]

VM state:not at safepoint (not fully initialized)

VM Mutex/Monitor currently owned by a thread:  ([mutex/lock_event])
[0x0000014bef693ce0] Heap_lock - owner thread: 0x0000014bef697800

Heap address: 0x0000000701e00000, size: 4066 MB, Compressed Oops mode: Non-zero based: 0x0000000701e00000
Narrow klass base: 0x0000000000000000, Narrow klass shift: 0

GC Heap History (0 events):
No events

Deoptimization events (0 events):
No events

Classes redefined (0 events):
No events

Internal exceptions (0 events):
No events

Events (0 events):
No events


Dynamic libraries:
0x00007ff72d320000 - 0x00007ff72d32f000 	C:\Program Files\Java\jdk-12.0.1\bin\javaw.exe
0x00007ffd24530000 - 0x00007ffd24725000 	C:\WINDOWS\SYSTEM32\ntdll.dll
0x00007ffd237b0000 - 0x00007ffd2386d000 	C:\WINDOWS\System32\KERNEL32.DLL
0x00007ffd21d30000 - 0x00007ffd21ff9000 	C:\WINDOWS\System32\KERNELBASE.dll
0x00007ffd22350000 - 0x00007ffd22450000 	C:\WINDOWS\System32\ucrtbase.dll
0x00007ffd0f330000 - 0x00007ffd0f346000 	C:\Program Files\Java\jdk-12.0.1\bin\VCRUNTIME140.dll
0x00007ffd10490000 - 0x00007ffd104a8000 	C:\Program Files\Java\jdk-12.0.1\bin\jli.dll
0x00007ffd236f0000 - 0x00007ffd2379c000 	C:\WINDOWS\System32\ADVAPI32.dll
0x00007ffd23f70000 - 0x00007ffd2400e000 	C:\WINDOWS\System32\msvcrt.dll
0x00007ffd23e10000 - 0x00007ffd23eab000 	C:\WINDOWS\System32\sechost.dll
0x00007ffd22d30000 - 0x00007ffd22e5a000 	C:\WINDOWS\System32\RPCRT4.dll
0x00007ffd22ac0000 - 0x00007ffd22c60000 	C:\WINDOWS\System32\USER32.dll
0x00007ffd22530000 - 0x00007ffd22552000 	C:\WINDOWS\System32\win32u.dll
0x00007ffd23600000 - 0x00007ffd2362a000 	C:\WINDOWS\System32\GDI32.dll
0x00007ffd10d50000 - 0x00007ffd10fea000 	C:\WINDOWS\WinSxS\amd64_microsoft.windows.common-controls_6595b64144ccf1df_6.0.19041.1110_none_60b5254171f9507e\COMCTL32.dll
0x00007ffd220e0000 - 0x00007ffd221eb000 	C:\WINDOWS\System32\gdi32full.dll
0x00007ffd21c30000 - 0x00007ffd21ccd000 	C:\WINDOWS\System32\msvcp_win.dll
0x00007ffd19110000 - 0x00007ffd1911a000 	C:\WINDOWS\SYSTEM32\VERSION.dll
0x00007ffd22cf0000 - 0x00007ffd22d20000 	C:\WINDOWS\System32\IMM32.DLL
0x00007ffcf0850000 - 0x00007ffcf08fa000 	C:\Program Files\Java\jdk-12.0.1\bin\msvcp140.dll
0x00007ffcd0c00000 - 0x00007ffcd1774000 	C:\Program Files\Java\jdk-12.0.1\bin\server\jvm.dll
0x00007ffd22d20000 - 0x00007ffd22d28000 	C:\WINDOWS\System32\PSAPI.DLL
0x00007ffd16570000 - 0x00007ffd16597000 	C:\WINDOWS\SYSTEM32\WINMM.dll
0x00007ffd0bb80000 - 0x00007ffd0bb89000 	C:\WINDOWS\SYSTEM32\WSOCK32.dll
0x00007ffd23a40000 - 0x00007ffd23aab000 	C:\WINDOWS\System32\WS2_32.dll
0x00007ffd20480000 - 0x00007ffd20492000 	C:\WINDOWS\SYSTEM32\kernel.appcore.dll
0x00007ffd1b750000 - 0x00007ffd1b761000 	C:\Program Files\Java\jdk-12.0.1\bin\verify.dll
0x00007ffd10040000 - 0x00007ffd10224000 	C:\WINDOWS\SYSTEM32\DBGHELP.DLL
0x00007ffd10010000 - 0x00007ffd1003c000 	C:\WINDOWS\SYSTEM32\dbgcore.DLL
0x00007ffd22450000 - 0x00007ffd224d3000 	C:\WINDOWS\System32\bcryptPrimitives.dll
0x00007ffd1a2e0000 - 0x00007ffd1a306000 	C:\Program Files\Java\jdk-12.0.1\bin\java.dll
0x00007ffd1b2f0000 - 0x00007ffd1b307000 	C:\Program Files\Java\jdk-12.0.1\bin\zip.dll
0x00007ffd1d5f0000 - 0x00007ffd1d5fa000 	C:\Program Files\Java\jdk-12.0.1\bin\jimage.dll

dbghelp: loaded successfully - version: 4.0.5 - missing functions: none
symbol engine: initialized successfully - sym options: 0x614 - pdb path: .;C:\Program Files\Java\jdk-12.0.1\bin;C:\WINDOWS\SYSTEM32;C:\WINDOWS\WinSxS\amd64_microsoft.windows.common-controls_6595b64144ccf1df_6.0.19041.1110_none_60b5254171f9507e;C:\Program Files\Java\jdk-12.0.1\bin\server

VM Arguments:
jvm_args: -Dfile.encoding=Cp1252 
java_command: TestThreadSort
java_class_path (initial): C:\Users\MORIZ\eclipse-workspace\MultiThreadDrifting\bin
Launcher Type: SUN_STANDARD

[Global flags]
     intx CICompilerCount                          = 3                                         {product} {ergonomic}
     uint ConcGCThreads                            = 1                                         {product} {ergonomic}
     uint G1ConcRefinementThreads                  = 4                                         {product} {ergonomic}
   size_t G1HeapRegionSize                         = 1048576                                   {product} {ergonomic}
    uintx GCDrainStackTargetSize                   = 64                                        {product} {ergonomic}
   size_t InitialHeapSize                          = 268435456                                 {product} {ergonomic}
   size_t MarkStackSize                            = 4194304                                   {product} {ergonomic}
   size_t MaxHeapSize                              = 4263510016                                {product} {ergonomic}
   size_t MinHeapDeltaBytes                        = 1048576                                   {product} {ergonomic}
    uintx NonNMethodCodeHeapSize                   = 5830732                                {pd product} {ergonomic}
    uintx NonProfiledCodeHeapSize                  = 122913754                              {pd product} {ergonomic}
    uintx ProfiledCodeHeapSize                     = 122913754                              {pd product} {ergonomic}
    uintx ReservedCodeCacheSize                    = 251658240                              {pd product} {ergonomic}
     bool SegmentedCodeCache                       = true                                      {product} {ergonomic}
     bool UseCompressedClassPointers               = true                                 {lp64_product} {ergonomic}
     bool UseCompressedOops                        = true                                 {lp64_product} {ergonomic}
     bool UseG1GC                                  = true                                      {product} {ergonomic}
     bool UseLargePagesIndividualAllocation        = false                                  {pd product} {ergonomic}

Logging:
Log output configuration:
 #0: stdout all=warning uptime,level,tags
 #1: stderr all=off uptime,level,tags

Environment Variables:
JAVA_HOME=C:\Program Files\AdoptOpenJDK\jdk-8.0.222.10-hotspot
PATH=C:/Program Files/Java/jdk-12.0.1/bin/server;C:/Program Files/Java/jdk-12.0.1/bin;C:\Program Files\AdoptOpenJDK\Zulu\bin;C:\Program Files\AdoptOpenJDK\Zulu\bin;C:\WINDOWS\system32;C:\WINDOWS;C:\WINDOWS\System32\Wbem;C:\WINDOWS\System32\WindowsPowerShell\v1.0\;C:\WINDOWS\System32\OpenSSH\;C:\Program Files\nodejs\;C:\Program Files\Git\cmd;C:\Users\MORIZ\AppData\Local\Microsoft\WindowsApps;C:\Users\MORIZ\AppData\Local\GitHubDesktop\bin;C:\Users\MORIZ\AppData\Roaming\npm;C:\Users\MORIZ\AppData\Local\Microsoft\WindowsApps;C:\Program Files\heroku\bin;;C:\WINDOWS\system32;
USERNAME=MORIZ
OS=Windows_NT
PROCESSOR_IDENTIFIER=Intel64 Family 6 Model 61 Stepping 4, GenuineIntel



---------------  S Y S T E M  ---------------

OS: Windows 10 , 64 bit Build 19041 (10.0.19041.1151)

CPU:total 4 (initial active 4) (2 cores per cpu, 2 threads per core) family 6 model 61 stepping 4, cmov, cx8, fxsr, mmx, sse, sse2, sse3, ssse3, sse4.1, sse4.2, popcnt, avx, avx2, aes, clmul, erms, rtm, 3dnowpref, lzcnt, ht, tsc, tscinvbit, bmi1, bmi2, adx, fma

Memory: 4k page, system-wide physical 16259M (4842M free)
TotalPageFile size 17283M (AvailPageFile size 93M)
current process WorkingSet (physical memory assigned to process): 10M, peak: 10M
current process commit charge ("private bytes"): 52M, peak: 308M

vm_info: Java HotSpot(TM) 64-Bit Server VM (12.0.1+12) for windows-amd64 JRE (12.0.1+12), built on Apr  2 2019 14:02:19 by "mach5one" with MS VC++ 15.5 (VS2017)

END.
